* Starting client
* Connecting to master process on port 8301
* Analyzing classpath: 
  - D:\cod\Facultate\java-kmp\target\test-classes
  - D:\cod\Facultate\java-kmp\target\classes
  - C:\Users\andre\.m2\repository\junit\junit\4.12\junit-4.12.jar
  - C:\Users\andre\.m2\repository\org\hamcrest\hamcrest-core\1.3\hamcrest-core-1.3.jar
  - C:\Users\andre\.m2\repository\org\assertj\assertj-core\3.24.2\assertj-core-3.24.2.jar
  - C:\Users\andre\.m2\repository\net\bytebuddy\byte-buddy\1.12.21\byte-buddy-1.12.21.jar
* Finished analyzing classpath
* Generating tests for class org.example.KMP
* Test criteria:
  - Line Coverage
  - Branch Coverage
  - Exception
  - Mutation testing (weak)
  - Method-Output Coverage
  - Top-Level Method Coverage
  - No-Exception Top-Level Method Coverage
  - Context Branch Coverage
* Setting up search algorithm for whole suite generation
[MASTER] 17:26:46.560 [pool-2-thread-1] WARN  TestSuiteSerialization - Cannot load tests because file does not exist: D:\cod\Facultate\java-kmp\.evosuite\evosuite-seeds\org.example.KMP.seed
* Loaded 0 tests from D:\cod\Facultate\java-kmp\.evosuite\evosuite-seeds\org.example.KMP.seed
* Total number of test goals: 
  - Line 39
  - Branch 29
  - Exception 0
  - MutationFactory 187
  - Output 3
  - Method 2
  - MethodNoException 2
  - CBranchFitnessFactory 29
* Using seed 1704814004188
* Starting evolution
* Search finished after 66s and 833 generations, 229262 statements, best individual has fitness: 6.666666666666667
* Writing sequences to pool
* Minimizing test suite
* Going to analyze the coverage criteria
* Coverage analysis for criterion LINE
* Coverage of criterion LINE: 100%
* Total number of goals: 39
* Number of covered goals: 39
* Coverage analysis for criterion BRANCH
* Coverage of criterion BRANCH: 97%
* Total number of goals: 29
* Number of covered goals: 28
* Coverage analysis for criterion EXCEPTION
* Coverage of criterion EXCEPTION: 100%
* Total number of goals: 1
* Number of covered goals: 1
* Coverage analysis for criterion WEAKMUTATION
* Coverage of criterion WEAKMUTATION: 97%
* Total number of goals: 187
* Number of covered goals: 182
* Coverage analysis for criterion OUTPUT
* Coverage of criterion OUTPUT: 67%
* Total number of goals: 3
* Number of covered goals: 2
* Coverage analysis for criterion METHOD
* Coverage of criterion METHOD: 100%
* Total number of goals: 2
* Number of covered goals: 2
* Coverage analysis for criterion METHODNOEXCEPTION
* Coverage of criterion METHODNOEXCEPTION: 100%
* Total number of goals: 2
* Number of covered goals: 2
* Coverage analysis for criterion CBRANCH
* Coverage of criterion CBRANCH: 97%
* Total number of goals: 29
* Number of covered goals: 28
* Generated 9 tests with total length 18
* Resulting test suite's coverage: 95% (average coverage for all fitness functions)
* Generating assertions
* Resulting test suite's mutation score: 57%
* Compiling and checking tests
* Writing JUnit test case 'KMP_ESTest' to D:\cod\Facultate\java-kmp\.evosuite\tmp_2024_01_09_17_26_41\tests
* Done!

